2024-10-03 12:08:48 INFO  UserTests:35 - ***********************Creating User Info***********************
2024-10-03 12:08:50 INFO  UserTests:39 - ****************************************************************
2024-10-03 12:08:50 INFO  UserTests:44 - ***********************Reading User Info***********************
2024-10-03 12:08:52 INFO  UserTests:48 - ****************************************************************
2024-10-03 12:08:52 INFO  UserTests:53 - ***********************Updating User Info***********************
2024-10-03 12:09:04 INFO  UserTests:65 - ****************************************************************
2024-10-03 12:09:04 INFO  UserTests:70 - ***********************Deleting User Info***********************
2024-10-03 12:09:12 INFO  UserTests:73 - ****************************************************************
2024-10-03 12:10:14 INFO  UserTests:35 - ***********************Creating User Info***********************
2024-10-03 12:10:18 INFO  UserTests:39 - ****************************************************************
2024-10-03 12:10:18 INFO  UserTests:44 - ***********************Reading User Info***********************
2024-10-03 12:11:50 INFO  UserTests:35 - ***********************Creating User Info***********************
2024-10-03 12:11:56 INFO  UserTests:39 - ****************************************************************
2024-10-03 12:11:56 INFO  UserTests:44 - ***********************Reading User Info***********************
2024-10-03 12:14:10 INFO  UserTests:35 - ***********************Creating User Info***********************
2024-10-03 12:14:15 INFO  UserTests:39 - ****************************************************************
2024-10-03 12:14:15 INFO  UserTests:44 - ***********************Reading User Info***********************
2024-10-03 12:14:18 INFO  UserTests:48 - ****************************************************************
2024-10-03 12:14:18 INFO  UserTests:53 - ***********************Updating User Info***********************
2024-10-03 12:14:52 INFO  UserTests:65 - ****************************************************************
2024-10-03 12:14:52 INFO  UserTests:70 - ***********************Deleting User Info***********************
2024-10-03 12:14:57 INFO  UserTests:73 - ****************************************************************
2024-10-03 14:06:27 INFO  UserTests2:36 - ***********************Creating User Info***********************
2024-10-03 14:06:27 INFO  UserTests2:45 - ***********************Reading User Info***********************
2024-10-03 14:06:27 INFO  UserTests2:54 - ***********************Updating User Info***********************
2024-10-03 14:06:27 INFO  UserTests2:71 - ***********************Deleting User Info***********************
2024-10-03 14:07:37 INFO  UserTests2:36 - ***********************Creating User Info***********************
2024-10-03 14:07:37 INFO  UserTests2:45 - ***********************Reading User Info***********************
2024-10-03 14:07:37 INFO  UserTests2:54 - ***********************Updating User Info***********************
2024-10-03 14:07:37 INFO  UserTests2:71 - ***********************Deleting User Info***********************
2024-10-03 14:10:43 INFO  UserTests2:36 - ***********************Creating User Info***********************
2024-10-03 14:10:45 INFO  UserTests2:40 - ****************************************************************
2024-10-03 14:10:45 INFO  UserTests2:45 - ***********************Reading User Info***********************
2024-10-03 14:10:47 INFO  UserTests2:49 - ****************************************************************
2024-10-03 14:10:47 INFO  UserTests2:54 - ***********************Updating User Info***********************
2024-10-03 14:10:49 INFO  UserTests2:66 - ****************************************************************
2024-10-03 14:10:49 INFO  UserTests2:71 - ***********************Deleting User Info***********************
2024-10-03 14:10:51 INFO  UserTests2:74 - ****************************************************************
2024-10-03 14:23:02 DEBUG PackageRelationshipCollection:309 - Parsing relationship: /xl/_rels/workbook.xml.rels
2024-10-03 14:23:02 DEBUG PackageRelationshipCollection:309 - Parsing relationship: /_rels/.rels
2024-10-03 14:26:04 DEBUG PackageRelationshipCollection:309 - Parsing relationship: /xl/_rels/workbook.xml.rels
2024-10-03 14:26:04 DEBUG PackageRelationshipCollection:309 - Parsing relationship: /_rels/.rels
2024-10-03 14:27:05 INFO  UserTests2:36 - ***********************Creating User Info***********************
2024-10-03 14:32:10 INFO  UserTests2:36 - ***********************Creating User Info***********************
2024-10-03 14:33:24 INFO  UserTests2:40 - ****************************************************************
2024-10-03 14:33:24 INFO  UserTests2:45 - ***********************Reading User Info***********************
2024-10-03 14:34:04 INFO  UserTests2:49 - ****************************************************************
2024-10-03 14:34:04 INFO  UserTests2:54 - ***********************Updating User Info***********************
2024-10-03 14:40:35 INFO  UserTests2:36 - ***********************Creating User Info***********************
2024-10-03 14:40:46 INFO  UserTests2:40 - ****************************************************************
2024-10-03 14:40:46 INFO  UserTests2:45 - ***********************Reading User Info***********************
2024-10-03 14:41:00 INFO  UserTests2:49 - ****************************************************************
2024-10-03 14:41:00 INFO  UserTests2:54 - ***********************Updating User Info***********************
2024-10-03 15:11:35 INFO  UserTests2:36 - ***********************Creating User Info***********************
2024-10-03 15:14:42 INFO  UserTests2:36 - ***********************Creating User Info***********************
2024-10-03 15:14:50 INFO  UserTests2:40 - ****************************************************************
2024-10-03 15:14:50 INFO  UserTests2:45 - ***********************Reading User Info***********************
2024-10-03 17:48:53 INFO  UserTests2:36 - ***********************Creating User Info***********************
2024-10-03 17:48:56 INFO  UserTests2:40 - ****************************************************************
2024-10-03 17:48:56 INFO  UserTests2:45 - ***********************Reading User Info***********************
2024-10-03 17:50:12 INFO  UserTests2:49 - ****************************************************************
2024-10-03 17:50:35 INFO  UserTests2:54 - ***********************Updating User Info***********************
2024-10-03 17:51:30 INFO  UserTests2:66 - ****************************************************************
2024-10-03 17:51:34 INFO  UserTests2:71 - ***********************Deleting User Info***********************
2024-10-03 17:51:45 INFO  UserTests2:74 - ****************************************************************
2024-10-03 17:53:15 INFO  UserTests2:36 - ***********************Creating User Info***********************
2024-10-03 17:53:17 INFO  UserTests2:40 - ****************************************************************
2024-10-03 17:53:17 INFO  UserTests2:45 - ***********************Reading User Info***********************
2024-10-03 17:53:19 INFO  UserTests2:49 - ****************************************************************
2024-10-03 17:53:19 INFO  UserTests2:54 - ***********************Updating User Info***********************
2024-10-03 17:53:22 INFO  UserTests2:66 - ****************************************************************
2024-10-03 17:53:22 INFO  UserTests2:71 - ***********************Deleting User Info***********************
2024-10-03 17:53:23 INFO  UserTests2:74 - ****************************************************************
2024-10-03 17:55:37 INFO  UserTests2:36 - ***********************Creating User Info***********************
2024-10-03 17:55:40 INFO  UserTests2:40 - ****************************************************************
2024-10-03 17:55:40 INFO  UserTests2:45 - ***********************Reading User Info***********************
2024-10-03 17:55:41 INFO  UserTests2:49 - ****************************************************************
2024-10-03 17:55:41 INFO  UserTests2:54 - ***********************Updating User Info***********************
2024-10-03 17:55:44 INFO  UserTests2:66 - ****************************************************************
2024-10-03 17:55:44 INFO  UserTests2:71 - ***********************Deleting User Info***********************
2024-10-03 17:55:46 INFO  UserTests2:74 - ****************************************************************
